<?xml version="1.0" encoding="UTF-8"?>
<testng-results skipped="0" failed="1" total="1" passed="0">
  <reporter-output>
  </reporter-output>
  <suite name="Default suite" duration-ms="138164" started-at="2014-07-04T09:56:46Z" finished-at="2014-07-04T09:59:05Z">
    <groups>
    </groups>
    <test name="Default test" duration-ms="138164" started-at="2014-07-04T09:56:46Z" finished-at="2014-07-04T09:59:05Z">
      <class name="First.testTwo">
        <test-method status="PASS" signature="startSelendroidServer()[pri:0, instance:First.testTwo@6963b0]" name="startSelendroidServer" is-config="true" duration-ms="16957" started-at="2014-07-04T12:56:46Z" finished-at="2014-07-04T12:57:03Z">
          <reporter-output>
          </reporter-output>
        </test-method> <!-- startSelendroidServer -->
        <test-method status="FAIL" signature="shouldSearchWithEbay()[pri:0, instance:First.testTwo@6963b0]" name="shouldSearchWithEbay" duration-ms="119026" started-at="2014-07-04T12:57:03Z" finished-at="2014-07-04T12:59:02Z">
          <exception class="org.openqa.selenium.WebDriverException">
            <message>
              <![CDATA[
Command duration or timeout: 3.56 seconds
Build info: version: 'unknown', revision: 'unknown', time: 'unknown'
System info: host: 'NoNaMe', ip: '192.168.0.105', os.name: 'Windows 7', os.arch: 'x86', os.version: '6.1', java.version: '1.7.0_55'
Session ID: 7494f121-f21b-e611-9650-4803434c0b78
Driver info: io.selendroid.SelendroidDriver
Capabilities [{automationName=selendroid, platformVersion=15, platform=ANDROID, acceptSslCerts=true, javascriptEnabled=true, platformName=android, handlesAlerts=true, browserName=selendroid, networkConnectionEnabled=true, rotatable=true, takesScreenshot=true, version=0.10.0}]]]>
            </message>
            <full-stacktrace>
              <![CDATA[org.openqa.selenium.WebDriverException: 
Command duration or timeout: 3.56 seconds
Build info: version: 'unknown', revision: 'unknown', time: 'unknown'
System info: host: 'NoNaMe', ip: '192.168.0.105', os.name: 'Windows 7', os.arch: 'x86', os.version: '6.1', java.version: '1.7.0_55'
Session ID: 7494f121-f21b-e611-9650-4803434c0b78
Driver info: io.selendroid.SelendroidDriver
Capabilities [{automationName=selendroid, platformVersion=15, platform=ANDROID, acceptSslCerts=true, javascriptEnabled=true, platformName=android, handlesAlerts=true, browserName=selendroid, networkConnectionEnabled=true, rotatable=true, takesScreenshot=true, version=0.10.0}]
	at sun.reflect.NativeConstructorAccessorImpl.newInstance0(Native Method)
	at sun.reflect.NativeConstructorAccessorImpl.newInstance(Unknown Source)
	at sun.reflect.DelegatingConstructorAccessorImpl.newInstance(Unknown Source)
	at java.lang.reflect.Constructor.newInstance(Unknown Source)
	at org.openqa.selenium.remote.ErrorHandler.createThrowable(ErrorHandler.java:193)
	at org.openqa.selenium.remote.ErrorHandler.throwIfResponseFailed(ErrorHandler.java:145)
	at org.openqa.selenium.remote.RemoteWebDriver.execute(RemoteWebDriver.java:595)
	at org.openqa.selenium.remote.RemoteWebDriver.execute(RemoteWebDriver.java:610)
	at org.openqa.selenium.remote.RemoteWebDriver.quit(RemoteWebDriver.java:464)
	at First.testTwo.shouldSearchWithEbay(testTwo.java:67)
	at sun.reflect.NativeMethodAccessorImpl.invoke0(Native Method)
	at sun.reflect.NativeMethodAccessorImpl.invoke(Unknown Source)
	at sun.reflect.DelegatingMethodAccessorImpl.invoke(Unknown Source)
	at java.lang.reflect.Method.invoke(Unknown Source)
	at org.testng.internal.MethodInvocationHelper.invokeMethod(MethodInvocationHelper.java:84)
	at org.testng.internal.Invoker.invokeMethod(Invoker.java:714)
	at org.testng.internal.Invoker.invokeTestMethod(Invoker.java:901)
	at org.testng.internal.Invoker.invokeTestMethods(Invoker.java:1231)
	at org.testng.internal.TestMethodWorker.invokeTestMethods(TestMethodWorker.java:127)
	at org.testng.internal.TestMethodWorker.run(TestMethodWorker.java:111)
	at org.testng.TestRunner.privateRun(TestRunner.java:767)
	at org.testng.TestRunner.run(TestRunner.java:617)
	at org.testng.SuiteRunner.runTest(SuiteRunner.java:334)
	at org.testng.SuiteRunner.runSequentially(SuiteRunner.java:329)
	at org.testng.SuiteRunner.privateRun(SuiteRunner.java:291)
	at org.testng.SuiteRunner.run(SuiteRunner.java:240)
	at org.testng.SuiteRunnerWorker.runSuite(SuiteRunnerWorker.java:52)
	at org.testng.SuiteRunnerWorker.run(SuiteRunnerWorker.java:86)
	at org.testng.TestNG.runSuitesSequentially(TestNG.java:1224)
	at org.testng.TestNG.runSuitesLocally(TestNG.java:1149)
	at org.testng.TestNG.run(TestNG.java:1057)
	at org.testng.remote.RemoteTestNG.run(RemoteTestNG.java:111)
	at org.testng.remote.RemoteTestNG.initAndRun(RemoteTestNG.java:204)
	at org.testng.remote.RemoteTestNG.main(RemoteTestNG.java:175)
]]>
            </full-stacktrace>
          </exception> <!-- org.openqa.selenium.WebDriverException -->
          <reporter-output>
          </reporter-output>
        </test-method> <!-- shouldSearchWithEbay -->
        <test-method status="FAIL" signature="stopSelendroidServer()[pri:0, instance:First.testTwo@6963b0]" name="stopSelendroidServer" is-config="true" duration-ms="0" started-at="2014-07-04T12:59:02Z" finished-at="2014-07-04T12:59:02Z">
          <exception class="java.lang.NullPointerException">
            <full-stacktrace>
              <![CDATA[java.lang.NullPointerException
	at io.selendroid.server.model.impl.DefaultPortFinder.release(DefaultPortFinder.java:59)
	at io.selendroid.server.model.DeviceStore.release(DeviceStore.java:93)
	at io.selendroid.server.model.SelendroidStandaloneDriver.stopSession(SelendroidStandaloneDriver.java:442)
	at io.selendroid.server.model.SelendroidStandaloneDriver.quitSelendroid(SelendroidStandaloneDriver.java:455)
	at io.selendroid.server.SelendroidStandaloneServer.stop(SelendroidStandaloneServer.java:110)
	at io.selendroid.SelendroidLauncher.stopSelendroid(SelendroidLauncher.java:117)
	at First.testTwo.stopSelendroidServer(testTwo.java:92)
	at sun.reflect.NativeMethodAccessorImpl.invoke0(Native Method)
	at sun.reflect.NativeMethodAccessorImpl.invoke(Unknown Source)
	at sun.reflect.DelegatingMethodAccessorImpl.invoke(Unknown Source)
	at java.lang.reflect.Method.invoke(Unknown Source)
	at org.testng.internal.MethodInvocationHelper.invokeMethod(MethodInvocationHelper.java:84)
	at org.testng.internal.Invoker.invokeConfigurationMethod(Invoker.java:564)
	at org.testng.internal.Invoker.invokeConfigurations(Invoker.java:213)
	at org.testng.internal.Invoker.invokeMethod(Invoker.java:786)
	at org.testng.internal.Invoker.invokeTestMethod(Invoker.java:901)
	at org.testng.internal.Invoker.invokeTestMethods(Invoker.java:1231)
	at org.testng.internal.TestMethodWorker.invokeTestMethods(TestMethodWorker.java:127)
	at org.testng.internal.TestMethodWorker.run(TestMethodWorker.java:111)
	at org.testng.TestRunner.privateRun(TestRunner.java:767)
	at org.testng.TestRunner.run(TestRunner.java:617)
	at org.testng.SuiteRunner.runTest(SuiteRunner.java:334)
	at org.testng.SuiteRunner.runSequentially(SuiteRunner.java:329)
	at org.testng.SuiteRunner.privateRun(SuiteRunner.java:291)
	at org.testng.SuiteRunner.run(SuiteRunner.java:240)
	at org.testng.SuiteRunnerWorker.runSuite(SuiteRunnerWorker.java:52)
	at org.testng.SuiteRunnerWorker.run(SuiteRunnerWorker.java:86)
	at org.testng.TestNG.runSuitesSequentially(TestNG.java:1224)
	at org.testng.TestNG.runSuitesLocally(TestNG.java:1149)
	at org.testng.TestNG.run(TestNG.java:1057)
	at org.testng.remote.RemoteTestNG.run(RemoteTestNG.java:111)
	at org.testng.remote.RemoteTestNG.initAndRun(RemoteTestNG.java:204)
	at org.testng.remote.RemoteTestNG.main(RemoteTestNG.java:175)
]]>
            </full-stacktrace>
          </exception> <!-- java.lang.NullPointerException -->
          <reporter-output>
          </reporter-output>
        </test-method> <!-- stopSelendroidServer -->
      </class> <!-- First.testTwo -->
    </test> <!-- Default test -->
  </suite> <!-- Default suite -->
</testng-results>
