<?xml version="1.0" encoding="UTF-8" ?>
<testsuite errors="2" failures="0" hostname="NoNaMe" name="qq.bobo" tests="1" time="50.072" timestamp="2014-09-03T10:32:48">
  <properties>
[...]
</properties>
  <testcase classname="qq.bobo" name="test" time="49.781">
    <error message="Failed to connect to binary FirefoxBinary(C:\Program Files\Mozilla Firefox\firefox.exe) on port 7055; process output follows: &#xa;ons.xpi&#x9;DEBUG&#x9;checkForChanges&#xd;&#xa;1409740369840&#x9;addons.xpi&#x9;DEBUG&#x9;Directory state JSON differs: cache [] state [{&quot;name&quot;:&quot;winreg-app-global&quot;,&quot;addons&quot;:{&quot;fiddlerhook@fiddler2.com&quot;:{&quot;descriptor&quot;:&quot;C:\\Program Files\\Fiddler2\\FiddlerHook&quot;,&quot;mtime&quot;:1402862717440,&quot;rdfTime&quot;:1391542948000}}},{&quot;name&quot;:&quot;app-global&quot;,&quot;addons&quot;:{&quot;{972ce4c6-7e08-4474-a285-3208198ce6fd}&quot;:{&quot;descriptor&quot;:&quot;C:\\Program Files\\Mozilla Firefox\\browser\\extensions\\{972ce4c6-7e08-4474-a285-3208198ce6fd}&quot;,&quot;mtime&quot;:1409738596180,&quot;rdfTime&quot;:1409738595860}}},{&quot;name&quot;:&quot;app-profile&quot;,&quot;addons&quot;:{&quot;fxdriver@googlecode.com&quot;:{&quot;descriptor&quot;:&quot;C:\\Users\\Igor\\AppData\\Local\\Temp\\anonymous8673857367681323093webdriver-profile\\extensions\\fxdriver@googlecode.com&quot;,&quot;mtime&quot;:1409740369331,&quot;rdfTime&quot;:1409740369302}}}]&#xd;&#xa;1409740369848&#x9;addons.xpi-utils&#x9;DEBUG&#x9;Opening XPI database C:\Users\Igor\AppData\Local\Temp\anonymous8673857367681323093webdriver-profile\extensions.json&#xd;&#xa;1409740369850&#x9;addons.xpi&#x9;DEBUG&#x9;New add-on fxdriver@googlecode.com installed in app-profile&#xd;&#xa;*** Blocklist::_loadBlocklistFromFile: blocklist is disabled&#xd;&#xa;1409740370172&#x9;addons.xpi-utils&#x9;DEBUG&#x9;Make addon app-profile:fxdriver@googlecode.com visible&#xd;&#xa;1409740370177&#x9;DeferredSave.extensions.json&#x9;DEBUG&#x9;Save changes&#xd;&#xa;1409740370178&#x9;DeferredSave.extensions.json&#x9;DEBUG&#x9;Save changes&#xd;&#xa;1409740370179&#x9;addons.xpi&#x9;DEBUG&#x9;New add-on {972ce4c6-7e08-4474-a285-3208198ce6fd} installed in app-global&#xd;&#xa;1409740370183&#x9;addons.xpi-utils&#x9;DEBUG&#x9;Make addon app-global:{972ce4c6-7e08-4474-a285-3208198ce6fd} visible&#xd;&#xa;1409740370184&#x9;DeferredSave.extensions.json&#x9;DEBUG&#x9;Save changes&#xd;&#xa;1409740370184&#x9;DeferredSave.extensions.json&#x9;DEBUG&#x9;Save changes&#xd;&#xa;1409740370184&#x9;addons.xpi&#x9;DEBUG&#x9;New add-on fiddlerhook@fiddler2.com installed in winreg-app-global&#xd;&#xa;1409740370193&#x9;addons.xpi-utils&#x9;DEBUG&#x9;Make addon winreg-app-global:fiddlerhook@fiddler2.com visible&#xd;&#xa;1409740370193&#x9;DeferredSave.extensions.json&#x9;DEBUG&#x9;Save changes&#xd;&#xa;1409740370194&#x9;DeferredSave.extensions.json&#x9;DEBUG&#x9;Save changes&#xd;&#xa;1409740370211&#x9;addons.xpi&#x9;DEBUG&#x9;Updating database with changes to installed add-ons&#xd;&#xa;1409740370211&#x9;addons.xpi-utils&#x9;DEBUG&#x9;Updating add-on states&#xd;&#xa;1409740370211&#x9;addons.xpi-utils&#x9;DEBUG&#x9;Writing add-ons list&#xd;&#xa;1409740372000&#x9;DeferredSave.extensions.json&#x9;DEBUG&#x9;Starting timer&#xd;&#xa;1409740372025&#x9;DeferredSave.extensions.json&#x9;DEBUG&#x9;Starting write&#xd;&#xa;1409740372080&#x9;addons.manager&#x9;DEBUG&#x9;shutdown&#xd;&#xa;1409740372083&#x9;addons.xpi&#x9;DEBUG&#x9;shutdown&#xd;&#xa;1409740372083&#x9;addons.xpi-utils&#x9;DEBUG&#x9;shutdown&#xd;&#xa;1409740372154&#x9;DeferredSave.extensions.json&#x9;DEBUG&#x9;Write succeeded&#xd;&#xa;1409740372154&#x9;addons.xpi-utils&#x9;DEBUG&#x9;XPI Database saved, setting schema version preference to 16&#xd;&#xa;1409740372154&#x9;addons.xpi&#x9;DEBUG&#x9;Notifying XPI shutdown observers&#xd;&#xa;1409740372158&#x9;addons.manager&#x9;DEBUG&#x9;Async provider shutdown done&#xd;&#xa;1409740373045&#x9;addons.manager&#x9;DEBUG&#x9;Loaded provider scope for resource://gre/modules/addons/XPIProvider.jsm: [&quot;XPIProvider&quot;]&#xd;&#xa;1409740373048&#x9;addons.manager&#x9;DEBUG&#x9;Loaded provider scope for resource://gre/modules/LightweightThemeManager.jsm: [&quot;LightweightThemeManager&quot;]&#xd;&#xa;1409740373050&#x9;addons.xpi&#x9;DEBUG&#x9;startup&#xd;&#xa;1409740373051&#x9;addons.xpi&#x9;INFO&#x9;Mapping fiddlerhook@fiddler2.com to C:\Program Files\Fiddler2\FiddlerHook&#xd;&#xa;1409740373052&#x9;addons.xpi&#x9;DEBUG&#x9;Skipping unavailable install location app-system-local&#xd;&#xa;1409740373052&#x9;addons.xpi&#x9;DEBUG&#x9;Skipping unavailable install location app-system-share&#xd;&#xa;1409740373053&#x9;addons.xpi&#x9;INFO&#x9;Mapping {972ce4c6-7e08-4474-a285-3208198ce6fd} to C:\Program Files\Mozilla Firefox\browser\extensions\{972ce4c6-7e08-4474-a285-3208198ce6fd}&#xd;&#xa;1409740373054&#x9;addons.xpi&#x9;INFO&#x9;Mapping fxdriver@googlecode.com to C:\Users\Igor\AppData\Local\Temp\anonymous8673857367681323093webdriver-profile\extensions\fxdriver@googlecode.com&#xd;&#xa;1409740373054&#x9;addons.xpi&#x9;DEBUG&#x9;Ignoring file entry whose name is not a valid add-on ID: C:\Users\Igor\AppData\Local\Temp\anonymous8673857367681323093webdriver-profile\extensions\webdriver-staging&#xd;&#xa;1409740373055&#x9;addons.xpi&#x9;DEBUG&#x9;checkForChanges&#xd;&#xa;1409740373073&#x9;addons.xpi&#x9;DEBUG&#x9;No changes found&#xd;&#xa;*** Blocklist::_preloadBlocklistFile: blocklist is disabled&#xd;&#xa;JavaScript error: chrome://browser/content/urlbarBindings.xml, line 677: aUrl is undefined&#xd;&#xa;&#xa;Build info: version: &apos;unknown&apos;, revision: &apos;unknown&apos;, time: &apos;unknown&apos;&#xa;System info: host: &apos;NoNaMe&apos;, ip: &apos;192.168.1.13&apos;, os.name: &apos;Windows 7&apos;, os.arch: &apos;x86&apos;, os.version: &apos;6.1&apos;, java.version: &apos;1.7.0_67&apos;&#xa;Driver info: driver.version: FirefoxDriver" type="org.openqa.selenium.WebDriverException">org.openqa.selenium.WebDriverException: Failed to connect to binary FirefoxBinary(C:\Program Files\Mozilla Firefox\firefox.exe) on port 7055; process output follows: 
ons.xpi	DEBUG	checkForChanges
1409740369840	addons.xpi	DEBUG	Directory state JSON differs: cache [] state [{&quot;name&quot;:&quot;winreg-app-global&quot;,&quot;addons&quot;:{&quot;fiddlerhook@fiddler2.com&quot;:{&quot;descriptor&quot;:&quot;C:\\Program Files\\Fiddler2\\FiddlerHook&quot;,&quot;mtime&quot;:1402862717440,&quot;rdfTime&quot;:1391542948000}}},{&quot;name&quot;:&quot;app-global&quot;,&quot;addons&quot;:{&quot;{972ce4c6-7e08-4474-a285-3208198ce6fd}&quot;:{&quot;descriptor&quot;:&quot;C:\\Program Files\\Mozilla Firefox\\browser\\extensions\\{972ce4c6-7e08-4474-a285-3208198ce6fd}&quot;,&quot;mtime&quot;:1409738596180,&quot;rdfTime&quot;:1409738595860}}},{&quot;name&quot;:&quot;app-profile&quot;,&quot;addons&quot;:{&quot;fxdriver@googlecode.com&quot;:{&quot;descriptor&quot;:&quot;C:\\Users\\Igor\\AppData\\Local\\Temp\\anonymous8673857367681323093webdriver-profile\\extensions\\fxdriver@googlecode.com&quot;,&quot;mtime&quot;:1409740369331,&quot;rdfTime&quot;:1409740369302}}}]
1409740369848	addons.xpi-utils	DEBUG	Opening XPI database C:\Users\Igor\AppData\Local\Temp\anonymous8673857367681323093webdriver-profile\extensions.json
1409740369850	addons.xpi	DEBUG	New add-on fxdriver@googlecode.com installed in app-profile
*** Blocklist::_loadBlocklistFromFile: blocklist is disabled
1409740370172	addons.xpi-utils	DEBUG	Make addon app-profile:fxdriver@googlecode.com visible
1409740370177	DeferredSave.extensions.json	DEBUG	Save changes
1409740370178	DeferredSave.extensions.json	DEBUG	Save changes
1409740370179	addons.xpi	DEBUG	New add-on {972ce4c6-7e08-4474-a285-3208198ce6fd} installed in app-global
1409740370183	addons.xpi-utils	DEBUG	Make addon app-global:{972ce4c6-7e08-4474-a285-3208198ce6fd} visible
1409740370184	DeferredSave.extensions.json	DEBUG	Save changes
1409740370184	DeferredSave.extensions.json	DEBUG	Save changes
1409740370184	addons.xpi	DEBUG	New add-on fiddlerhook@fiddler2.com installed in winreg-app-global
1409740370193	addons.xpi-utils	DEBUG	Make addon winreg-app-global:fiddlerhook@fiddler2.com visible
1409740370193	DeferredSave.extensions.json	DEBUG	Save changes
1409740370194	DeferredSave.extensions.json	DEBUG	Save changes
1409740370211	addons.xpi	DEBUG	Updating database with changes to installed add-ons
1409740370211	addons.xpi-utils	DEBUG	Updating add-on states
1409740370211	addons.xpi-utils	DEBUG	Writing add-ons list
1409740372000	DeferredSave.extensions.json	DEBUG	Starting timer
1409740372025	DeferredSave.extensions.json	DEBUG	Starting write
1409740372080	addons.manager	DEBUG	shutdown
1409740372083	addons.xpi	DEBUG	shutdown
1409740372083	addons.xpi-utils	DEBUG	shutdown
1409740372154	DeferredSave.extensions.json	DEBUG	Write succeeded
1409740372154	addons.xpi-utils	DEBUG	XPI Database saved, setting schema version preference to 16
1409740372154	addons.xpi	DEBUG	Notifying XPI shutdown observers
1409740372158	addons.manager	DEBUG	Async provider shutdown done
1409740373045	addons.manager	DEBUG	Loaded provider scope for resource://gre/modules/addons/XPIProvider.jsm: [&quot;XPIProvider&quot;]
1409740373048	addons.manager	DEBUG	Loaded provider scope for resource://gre/modules/LightweightThemeManager.jsm: [&quot;LightweightThemeManager&quot;]
1409740373050	addons.xpi	DEBUG	startup
1409740373051	addons.xpi	INFO	Mapping fiddlerhook@fiddler2.com to C:\Program Files\Fiddler2\FiddlerHook
1409740373052	addons.xpi	DEBUG	Skipping unavailable install location app-system-local
1409740373052	addons.xpi	DEBUG	Skipping unavailable install location app-system-share
1409740373053	addons.xpi	INFO	Mapping {972ce4c6-7e08-4474-a285-3208198ce6fd} to C:\Program Files\Mozilla Firefox\browser\extensions\{972ce4c6-7e08-4474-a285-3208198ce6fd}
1409740373054	addons.xpi	INFO	Mapping fxdriver@googlecode.com to C:\Users\Igor\AppData\Local\Temp\anonymous8673857367681323093webdriver-profile\extensions\fxdriver@googlecode.com
1409740373054	addons.xpi	DEBUG	Ignoring file entry whose name is not a valid add-on ID: C:\Users\Igor\AppData\Local\Temp\anonymous8673857367681323093webdriver-profile\extensions\webdriver-staging
1409740373055	addons.xpi	DEBUG	checkForChanges
1409740373073	addons.xpi	DEBUG	No changes found
*** Blocklist::_preloadBlocklistFile: blocklist is disabled
JavaScript error: chrome://browser/content/urlbarBindings.xml, line 677: aUrl is undefined

Build info: version: &apos;unknown&apos;, revision: &apos;unknown&apos;, time: &apos;unknown&apos;
System info: host: &apos;NoNaMe&apos;, ip: &apos;192.168.1.13&apos;, os.name: &apos;Windows 7&apos;, os.arch: &apos;x86&apos;, os.version: &apos;6.1&apos;, java.version: &apos;1.7.0_67&apos;
Driver info: driver.version: FirefoxDriver
	at org.openqa.selenium.firefox.internal.NewProfileExtensionConnection.start(NewProfileExtensionConnection.java:130)
	at org.openqa.selenium.firefox.FirefoxDriver.startClient(FirefoxDriver.java:246)
	at org.openqa.selenium.remote.RemoteWebDriver.&lt;init&gt;(RemoteWebDriver.java:114)
	at org.openqa.selenium.firefox.FirefoxDriver.&lt;init&gt;(FirefoxDriver.java:191)
	at org.openqa.selenium.firefox.FirefoxDriver.&lt;init&gt;(FirefoxDriver.java:186)
	at org.openqa.selenium.firefox.FirefoxDriver.&lt;init&gt;(FirefoxDriver.java:182)
	at org.openqa.selenium.firefox.FirefoxDriver.&lt;init&gt;(FirefoxDriver.java:95)
	at qq.bobo.setUp(bobo.java:26)
Caused by: org.openqa.selenium.firefox.NotConnectedException: Unable to connect to host 127.0.0.1 on port 7055 after 45000 ms. Firefox console output:
ons.xpi	DEBUG	checkForChanges
1409740369840	addons.xpi	DEBUG	Directory state JSON differs: cache [] state [{&quot;name&quot;:&quot;winreg-app-global&quot;,&quot;addons&quot;:{&quot;fiddlerhook@fiddler2.com&quot;:{&quot;descriptor&quot;:&quot;C:\\Program Files\\Fiddler2\\FiddlerHook&quot;,&quot;mtime&quot;:1402862717440,&quot;rdfTime&quot;:1391542948000}}},{&quot;name&quot;:&quot;app-global&quot;,&quot;addons&quot;:{&quot;{972ce4c6-7e08-4474-a285-3208198ce6fd}&quot;:{&quot;descriptor&quot;:&quot;C:\\Program Files\\Mozilla Firefox\\browser\\extensions\\{972ce4c6-7e08-4474-a285-3208198ce6fd}&quot;,&quot;mtime&quot;:1409738596180,&quot;rdfTime&quot;:1409738595860}}},{&quot;name&quot;:&quot;app-profile&quot;,&quot;addons&quot;:{&quot;fxdriver@googlecode.com&quot;:{&quot;descriptor&quot;:&quot;C:\\Users\\Igor\\AppData\\Local\\Temp\\anonymous8673857367681323093webdriver-profile\\extensions\\fxdriver@googlecode.com&quot;,&quot;mtime&quot;:1409740369331,&quot;rdfTime&quot;:1409740369302}}}]
1409740369848	addons.xpi-utils	DEBUG	Opening XPI database C:\Users\Igor\AppData\Local\Temp\anonymous8673857367681323093webdriver-profile\extensions.json
1409740369850	addons.xpi	DEBUG	New add-on fxdriver@googlecode.com installed in app-profile
*** Blocklist::_loadBlocklistFromFile: blocklist is disabled
1409740370172	addons.xpi-utils	DEBUG	Make addon app-profile:fxdriver@googlecode.com visible
1409740370177	DeferredSave.extensions.json	DEBUG	Save changes
1409740370178	DeferredSave.extensions.json	DEBUG	Save changes
1409740370179	addons.xpi	DEBUG	New add-on {972ce4c6-7e08-4474-a285-3208198ce6fd} installed in app-global
1409740370183	addons.xpi-utils	DEBUG	Make addon app-global:{972ce4c6-7e08-4474-a285-3208198ce6fd} visible
1409740370184	DeferredSave.extensions.json	DEBUG	Save changes
1409740370184	DeferredSave.extensions.json	DEBUG	Save changes
1409740370184	addons.xpi	DEBUG	New add-on fiddlerhook@fiddler2.com installed in winreg-app-global
1409740370193	addons.xpi-utils	DEBUG	Make addon winreg-app-global:fiddlerhook@fiddler2.com visible
1409740370193	DeferredSave.extensions.json	DEBUG	Save changes
1409740370194	DeferredSave.extensions.json	DEBUG	Save changes
1409740370211	addons.xpi	DEBUG	Updating database with changes to installed add-ons
1409740370211	addons.xpi-utils	DEBUG	Updating add-on states
1409740370211	addons.xpi-utils	DEBUG	Writing add-ons list
1409740372000	DeferredSave.extensions.json	DEBUG	Starting timer
1409740372025	DeferredSave.extensions.json	DEBUG	Starting write
1409740372080	addons.manager	DEBUG	shutdown
1409740372083	addons.xpi	DEBUG	shutdown
1409740372083	addons.xpi-utils	DEBUG	shutdown
1409740372154	DeferredSave.extensions.json	DEBUG	Write succeeded
1409740372154	addons.xpi-utils	DEBUG	XPI Database saved, setting schema version preference to 16
1409740372154	addons.xpi	DEBUG	Notifying XPI shutdown observers
1409740372158	addons.manager	DEBUG	Async provider shutdown done
1409740373045	addons.manager	DEBUG	Loaded provider scope for resource://gre/modules/addons/XPIProvider.jsm: [&quot;XPIProvider&quot;]
1409740373048	addons.manager	DEBUG	Loaded provider scope for resource://gre/modules/LightweightThemeManager.jsm: [&quot;LightweightThemeManager&quot;]
1409740373050	addons.xpi	DEBUG	startup
1409740373051	addons.xpi	INFO	Mapping fiddlerhook@fiddler2.com to C:\Program Files\Fiddler2\FiddlerHook
1409740373052	addons.xpi	DEBUG	Skipping unavailable install location app-system-local
1409740373052	addons.xpi	DEBUG	Skipping unavailable install location app-system-share
1409740373053	addons.xpi	INFO	Mapping {972ce4c6-7e08-4474-a285-3208198ce6fd} to C:\Program Files\Mozilla Firefox\browser\extensions\{972ce4c6-7e08-4474-a285-3208198ce6fd}
1409740373054	addons.xpi	INFO	Mapping fxdriver@googlecode.com to C:\Users\Igor\AppData\Local\Temp\anonymous8673857367681323093webdriver-profile\extensions\fxdriver@googlecode.com
1409740373054	addons.xpi	DEBUG	Ignoring file entry whose name is not a valid add-on ID: C:\Users\Igor\AppData\Local\Temp\anonymous8673857367681323093webdriver-profile\extensions\webdriver-staging
1409740373055	addons.xpi	DEBUG	checkForChanges
1409740373073	addons.xpi	DEBUG	No changes found
*** Blocklist::_preloadBlocklistFile: blocklist is disabled
JavaScript error: chrome://browser/content/urlbarBindings.xml, line 677: aUrl is undefined

	at org.openqa.selenium.firefox.internal.NewProfileExtensionConnection.start(NewProfileExtensionConnection.java:118)
</error>
    <error type="java.lang.NullPointerException">java.lang.NullPointerException
	at qq.bobo.tearDown(bobo.java:31)
</error>
  </testcase>
  <system-out><![CDATA[]]></system-out>
  <system-err><![CDATA[org.openqa.selenium.firefox.NotConnectedException: Unable to connect to host 127.0.0.1 on port 7055 after 45000 ms. Firefox console output:
ons.xpi	DEBUG	checkForChanges
1409740369840	addons.xpi	DEBUG	Directory state JSON differs: cache [] state [{"name":"winreg-app-global","addons":{"fiddlerhook@fiddler2.com":{"descriptor":"C:\\Program Files\\Fiddler2\\FiddlerHook","mtime":1402862717440,"rdfTime":1391542948000}}},{"name":"app-global","addons":{"{972ce4c6-7e08-4474-a285-3208198ce6fd}":{"descriptor":"C:\\Program Files\\Mozilla Firefox\\browser\\extensions\\{972ce4c6-7e08-4474-a285-3208198ce6fd}","mtime":1409738596180,"rdfTime":1409738595860}}},{"name":"app-profile","addons":{"fxdriver@googlecode.com":{"descriptor":"C:\\Users\\Igor\\AppData\\Local\\Temp\\anonymous8673857367681323093webdriver-profile\\extensions\\fxdriver@googlecode.com","mtime":1409740369331,"rdfTime":1409740369302}}}]
1409740369848	addons.xpi-utils	DEBUG	Opening XPI database C:\Users\Igor\AppData\Local\Temp\anonymous8673857367681323093webdriver-profile\extensions.json
1409740369850	addons.xpi	DEBUG	New add-on fxdriver@googlecode.com installed in app-profile
*** Blocklist::_loadBlocklistFromFile: blocklist is disabled
1409740370172	addons.xpi-utils	DEBUG	Make addon app-profile:fxdriver@googlecode.com visible
1409740370177	DeferredSave.extensions.json	DEBUG	Save changes
1409740370178	DeferredSave.extensions.json	DEBUG	Save changes
1409740370179	addons.xpi	DEBUG	New add-on {972ce4c6-7e08-4474-a285-3208198ce6fd} installed in app-global
1409740370183	addons.xpi-utils	DEBUG	Make addon app-global:{972ce4c6-7e08-4474-a285-3208198ce6fd} visible
1409740370184	DeferredSave.extensions.json	DEBUG	Save changes
1409740370184	DeferredSave.extensions.json	DEBUG	Save changes
1409740370184	addons.xpi	DEBUG	New add-on fiddlerhook@fiddler2.com installed in winreg-app-global
1409740370193	addons.xpi-utils	DEBUG	Make addon winreg-app-global:fiddlerhook@fiddler2.com visible
1409740370193	DeferredSave.extensions.json	DEBUG	Save changes
1409740370194	DeferredSave.extensions.json	DEBUG	Save changes
1409740370211	addons.xpi	DEBUG	Updating database with changes to installed add-ons
1409740370211	addons.xpi-utils	DEBUG	Updating add-on states
1409740370211	addons.xpi-utils	DEBUG	Writing add-ons list
1409740372000	DeferredSave.extensions.json	DEBUG	Starting timer
1409740372025	DeferredSave.extensions.json	DEBUG	Starting write
1409740372080	addons.manager	DEBUG	shutdown
1409740372083	addons.xpi	DEBUG	shutdown
1409740372083	addons.xpi-utils	DEBUG	shutdown
1409740372154	DeferredSave.extensions.json	DEBUG	Write succeeded
1409740372154	addons.xpi-utils	DEBUG	XPI Database saved, setting schema version preference to 16
1409740372154	addons.xpi	DEBUG	Notifying XPI shutdown observers
1409740372158	addons.manager	DEBUG	Async provider shutdown done
1409740373045	addons.manager	DEBUG	Loaded provider scope for resource://gre/modules/addons/XPIProvider.jsm: ["XPIProvider"]
1409740373048	addons.manager	DEBUG	Loaded provider scope for resource://gre/modules/LightweightThemeManager.jsm: ["LightweightThemeManager"]
1409740373050	addons.xpi	DEBUG	startup
1409740373051	addons.xpi	INFO	Mapping fiddlerhook@fiddler2.com to C:\Program Files\Fiddler2\FiddlerHook
1409740373052	addons.xpi	DEBUG	Skipping unavailable install location app-system-local
1409740373052	addons.xpi	DEBUG	Skipping unavailable install location app-system-share
1409740373053	addons.xpi	INFO	Mapping {972ce4c6-7e08-4474-a285-3208198ce6fd} to C:\Program Files\Mozilla Firefox\browser\extensions\{972ce4c6-7e08-4474-a285-3208198ce6fd}
1409740373054	addons.xpi	INFO	Mapping fxdriver@googlecode.com to C:\Users\Igor\AppData\Local\Temp\anonymous8673857367681323093webdriver-profile\extensions\fxdriver@googlecode.com
1409740373054	addons.xpi	DEBUG	Ignoring file entry whose name is not a valid add-on ID: C:\Users\Igor\AppData\Local\Temp\anonymous8673857367681323093webdriver-profile\extensions\webdriver-staging
1409740373055	addons.xpi	DEBUG	checkForChanges
1409740373073	addons.xpi	DEBUG	No changes found
*** Blocklist::_preloadBlocklistFile: blocklist is disabled
JavaScript error: chrome://browser/content/urlbarBindings.xml, line 677: aUrl is undefined

	at org.openqa.selenium.firefox.internal.NewProfileExtensionConnection.start(NewProfileExtensionConnection.java:118)
	at org.openqa.selenium.firefox.FirefoxDriver.startClient(FirefoxDriver.java:246)
	at org.openqa.selenium.remote.RemoteWebDriver.<init>(RemoteWebDriver.java:114)
	at org.openqa.selenium.firefox.FirefoxDriver.<init>(FirefoxDriver.java:191)
	at org.openqa.selenium.firefox.FirefoxDriver.<init>(FirefoxDriver.java:186)
	at org.openqa.selenium.firefox.FirefoxDriver.<init>(FirefoxDriver.java:182)
	at org.openqa.selenium.firefox.FirefoxDriver.<init>(FirefoxDriver.java:95)
	at qq.bobo.setUp(bobo.java:26)
	at sun.reflect.NativeMethodAccessorImpl.invoke0(Native Method)
	at sun.reflect.NativeMethodAccessorImpl.invoke(Unknown Source)
	at sun.reflect.DelegatingMethodAccessorImpl.invoke(Unknown Source)
	at java.lang.reflect.Method.invoke(Unknown Source)
	at org.junit.runners.model.FrameworkMethod$1.runReflectiveCall(FrameworkMethod.java:47)
	at org.junit.internal.runners.model.ReflectiveCallable.run(ReflectiveCallable.java:12)
	at org.junit.runners.model.FrameworkMethod.invokeExplosively(FrameworkMethod.java:44)
	at org.junit.internal.runners.statements.RunBefores.evaluate(RunBefores.java:24)
	at org.junit.internal.runners.statements.RunAfters.evaluate(RunAfters.java:27)
	at org.junit.runners.ParentRunner.runLeaf(ParentRunner.java:271)
	at org.junit.runners.BlockJUnit4ClassRunner.runChild(BlockJUnit4ClassRunner.java:70)
	at org.junit.runners.BlockJUnit4ClassRunner.runChild(BlockJUnit4ClassRunner.java:50)
	at org.junit.runners.ParentRunner$3.run(ParentRunner.java:238)
	at org.junit.runners.ParentRunner$1.schedule(ParentRunner.java:63)
	at org.junit.runners.ParentRunner.runChildren(ParentRunner.java:236)
	at org.junit.runners.ParentRunner.access$000(ParentRunner.java:53)
	at org.junit.runners.ParentRunner$2.evaluate(ParentRunner.java:229)
	at org.junit.runners.ParentRunner.run(ParentRunner.java:309)
	at junit.framework.JUnit4TestAdapter.run(JUnit4TestAdapter.java:38)
	at org.apache.tools.ant.taskdefs.optional.junit.JUnitTestRunner.run(JUnitTestRunner.java:520)
	at org.apache.tools.ant.taskdefs.optional.junit.JUnitTestRunner.launch(JUnitTestRunner.java:1060)
	at org.apache.tools.ant.taskdefs.optional.junit.JUnitTestRunner.main(JUnitTestRunner.java:911)
]]></system-err>
</testsuite>
