<?xml version="1.0" encoding="UTF-8"?>
<testng-results skipped="0" failed="0" total="1" passed="1">
  <reporter-output>
  </reporter-output>
  <suite name="Default suite" duration-ms="4781285" started-at="2014-07-14T10:29:57Z" finished-at="2014-07-14T11:49:38Z">
    <groups>
    </groups>
    <test name="Default test" duration-ms="4781285" started-at="2014-07-14T10:29:57Z" finished-at="2014-07-14T11:49:38Z">
      <class name="v2.krugClean">
        <test-method status="PASS" signature="Online()[pri:0, instance:v2.krugClean@151574b]" name="Online" is-config="true" duration-ms="18120" started-at="2014-07-14T13:29:57Z" finished-at="2014-07-14T13:30:15Z">
          <reporter-output>
          </reporter-output>
        </test-method> <!-- Online -->
        <test-method status="PASS" signature="workingClean()[pri:0, instance:v2.krugClean@151574b]" name="workingClean" duration-ms="4757821" started-at="2014-07-14T13:30:15Z" finished-at="2014-07-14T14:49:33Z">
          <reporter-output>
          </reporter-output>
        </test-method> <!-- workingClean -->
        <test-method status="PASS" signature="closeBrowser()[pri:0, instance:v2.krugClean@151574b]" name="closeBrowser" is-config="true" duration-ms="5300" started-at="2014-07-14T14:49:33Z" finished-at="2014-07-14T14:49:38Z">
          <reporter-output>
          </reporter-output>
        </test-method> <!-- closeBrowser -->
      </class> <!-- v2.krugClean -->
    </test> <!-- Default test -->
  </suite> <!-- Default suite -->
</testng-results>
