<?xml version="1.0" encoding="UTF-8"?>
<testng-results skipped="0" failed="0" total="1" passed="1">
  <reporter-output>
  </reporter-output>
  <suite name="Default suite" duration-ms="11591" started-at="2014-08-16T08:30:32Z" finished-at="2014-08-16T08:30:44Z">
    <groups>
    </groups>
    <test name="Default test" duration-ms="11591" started-at="2014-08-16T08:30:32Z" finished-at="2014-08-16T08:30:44Z">
      <class name="q.google2">
        <test-method status="PASS" signature="beforeMethod()[pri:0, instance:q.google2@135f92f]" name="beforeMethod" is-config="true" duration-ms="7733" started-at="2014-08-16T11:30:32Z" finished-at="2014-08-16T11:30:40Z">
          <reporter-output>
          </reporter-output>
        </test-method> <!-- beforeMethod -->
        <test-method status="PASS" signature="f()[pri:0, instance:q.google2@135f92f]" name="f" duration-ms="3498" started-at="2014-08-16T11:30:40Z" finished-at="2014-08-16T11:30:44Z">
          <reporter-output>
          </reporter-output>
        </test-method> <!-- f -->
        <test-method status="PASS" signature="afterMethod()[pri:0, instance:q.google2@135f92f]" name="afterMethod" is-config="true" duration-ms="338" started-at="2014-08-16T11:30:44Z" finished-at="2014-08-16T11:30:44Z">
          <reporter-output>
          </reporter-output>
        </test-method> <!-- afterMethod -->
      </class> <!-- q.google2 -->
    </test> <!-- Default test -->
  </suite> <!-- Default suite -->
</testng-results>
