<?xml version="1.0" encoding="UTF-8"?>
<testng-results skipped="0" failed="0" total="1" passed="1">
  <reporter-output>
  </reporter-output>
  <suite name="Default suite" duration-ms="21554" started-at="2014-02-18T12:32:40Z" finished-at="2014-02-18T12:33:02Z">
    <groups>
    </groups>
    <test name="Default test" duration-ms="21554" started-at="2014-02-18T12:32:40Z" finished-at="2014-02-18T12:33:02Z">
      <class name="msnPackage.msn1">
        <test-method status="PASS" signature="before()[pri:0, instance:msnPackage.msn1@1efc193]" name="before" is-config="true" duration-ms="45584" started-at="2014-02-18T14:31:54Z" finished-at="2014-02-18T14:32:40Z">
          <reporter-output>
          </reporter-output>
        </test-method> <!-- before -->
        <test-method status="PASS" signature="f()[pri:0, instance:msnPackage.msn1@1efc193]" name="f" duration-ms="21535" started-at="2014-02-18T14:32:40Z" finished-at="2014-02-18T14:33:02Z">
          <reporter-output>
          </reporter-output>
        </test-method> <!-- f -->
        <test-method status="PASS" signature="afterSuite()[pri:0, instance:msnPackage.msn1@1efc193]" name="afterSuite" is-config="true" duration-ms="282" started-at="2014-02-18T14:33:02Z" finished-at="2014-02-18T14:33:02Z">
          <reporter-output>
          </reporter-output>
        </test-method> <!-- afterSuite -->
      </class> <!-- msnPackage.msn1 -->
    </test> <!-- Default test -->
  </suite> <!-- Default suite -->
</testng-results>
